<?xml version="1.0" encoding="UTF-8"?>
<testsuite name="com.jrj.pay.M2018JsonPayApplicationTests" time="0.066" tests="1" errors="0" skipped="0" failures="0">
  <properties>
    <property name="java.runtime.name" value="Java(TM) SE Runtime Environment"/>
    <property name="sun.boot.library.path" value="D:\soft\managerSoft\jdk\Java1.8\jre\bin"/>
    <property name="java.vm.version" value="25.131-b11"/>
    <property name="java.vm.vendor" value="Oracle Corporation"/>
    <property name="java.vendor.url" value="http://java.oracle.com/"/>
    <property name="path.separator" value=";"/>
    <property name="guice.disable.misplaced.annotation.check" value="true"/>
    <property name="java.vm.name" value="Java HotSpot(TM) 64-Bit Server VM"/>
    <property name="file.encoding.pkg" value="sun.io"/>
    <property name="user.script" value=""/>
    <property name="user.country" value="CN"/>
    <property name="sun.java.launcher" value="SUN_STANDARD"/>
    <property name="sun.os.patch.level" value=""/>
    <property name="java.vm.specification.name" value="Java Virtual Machine Specification"/>
    <property name="user.dir" value="E:\gitm2018\m2018-json-pay"/>
    <property name="java.runtime.version" value="1.8.0_131-b11"/>
    <property name="java.awt.graphicsenv" value="sun.awt.Win32GraphicsEnvironment"/>
    <property name="java.endorsed.dirs" value="D:\soft\managerSoft\jdk\Java1.8\jre\lib\endorsed"/>
    <property name="os.arch" value="amd64"/>
    <property name="java.io.tmpdir" value="C:\Users\ADMINI~1\AppData\Local\Temp\"/>
    <property name="line.separator" value="&#10;"/>
    <property name="java.vm.specification.vendor" value="Oracle Corporation"/>
    <property name="user.variant" value=""/>
    <property name="os.name" value="Windows 10"/>
    <property name="classworlds.conf" value="E:\workerspace\springboot\.metadata\.plugins\org.eclipse.m2e.launching\launches\m2conf2097215879038895591.tmp"/>
    <property name="sun.jnu.encoding" value="GBK"/>
    <property name="java.library.path" value="D:\soft\managerSoft\jdk\Java1.8\bin;C:\Windows\Sun\Java\bin;C:\Windows\system32;C:\Windows;D:/soft/managerSoft/jdk/Java1.8/bin/../jre/bin/server;D:/soft/managerSoft/jdk/Java1.8/bin/../jre/bin;D:/soft/managerSoft/jdk/Java1.8/bin/../jre/lib/amd64;D:\soft\managerSoft\jdk\Java1.8\bin;C:\Program Files (x86)\Intel\iCLS Client\;C:\Program Files\Intel\iCLS Client\;C:\Windows\system32;C:\Windows;C:\Windows\System32\Wbem;C:\Windows\System32\WindowsPowerShell\v1.0\;C:\Program Files (x86)\Intel\Intel(R) Management Engine Components\DAL;C:\Program Files\Intel\Intel(R) Management Engine Components\DAL;C:\Program Files (x86)\Intel\Intel(R) Management Engine Components\IPT;C:\Program Files\Intel\Intel(R) Management Engine Components\IPT;C:\Program Files (x86)\NVIDIA Corporation\PhysX\Common;D:\soft\managerSoft\maven\apache-maven-3.2.2\bin;D:\soft\managerSoft\TortoiseSVN\bin;D:\soft\managerSoft\tomcat7\apache-tomcat-7.0.63\bin;D:\soft\managerSoft\resinpro4.044\resin-pro-4.0.44\bin;D:\soft\managerSoft\svn\Subversion\bin;D:\soft\managerSoft\resin\resin-4.0.54\bin;D:\soft\managerSoft\resin2\resin2\bin;C:\Program Files\Microsoft SQL Server\110\Tools\Binn\;D:\soft\managerSoft\ant\apache-ant-1.9.9\bin;C:\Program Files\MySQL\MySQL Server 5.5\bin;D:\MySQL5.5\bin;D:\soft\managerSoft\jdk\Java1.7\bin;D:\soft2\studysoft\mongodb\bin;D:\soft\managerSoft\jdk\java1.6\bin;C:\Program Files\MIT\Kerberos\bin;D:\soft2\rabbitmq_server-3.7.5\sbin;D:\soft\managerSoft\Git\cmd;D:\soft\managerSoft\Git\bin;D:\soft2\gradle-4.9-rc-2\bin;D:\soft2\Rose\common;C:\Users\Administrator\AppData\Local\Microsoft\WindowsApps;C:\Program Files\Bandizip\7z;D:\soft\managerSoft\sts-bundle\sts-3.8.3.RELEASE;;."/>
    <property name="java.specification.name" value="Java Platform API Specification"/>
    <property name="java.class.version" value="52.0"/>
    <property name="sun.management.compiler" value="HotSpot 64-Bit Tiered Compilers"/>
    <property name="os.version" value="10.0"/>
    <property name="user.home" value="C:\Users\Administrator"/>
    <property name="user.timezone" value="Asia/Shanghai"/>
    <property name="java.awt.printerjob" value="sun.awt.windows.WPrinterJob"/>
    <property name="java.specification.version" value="1.8"/>
    <property name="file.encoding" value="UTF-8"/>
    <property name="user.name" value="Administrator"/>
    <property name="java.class.path" value="D:\soft\managerSoft\maven\apache-maven-3.2.2\boot\plexus-classworlds-2.5.1.jar"/>
    <property name="org.slf4j.simpleLogger.defaultLogLevel" value="info"/>
    <property name="java.vm.specification.version" value="1.8"/>
    <property name="sun.arch.data.model" value="64"/>
    <property name="java.home" value="D:\soft\managerSoft\jdk\Java1.8\jre"/>
    <property name="sun.java.command" value="org.codehaus.plexus.classworlds.launcher.Launcher -B -s D:\soft\managerSoft\maven\apache-maven-3.2.2\conf\settings.xml install"/>
    <property name="java.specification.vendor" value="Oracle Corporation"/>
    <property name="user.language" value="zh"/>
    <property name="awt.toolkit" value="sun.awt.windows.WToolkit"/>
    <property name="java.vm.info" value="mixed mode"/>
    <property name="java.version" value="1.8.0_131"/>
    <property name="java.ext.dirs" value="D:\soft\managerSoft\jdk\Java1.8\jre\lib\ext;C:\Windows\Sun\Java\lib\ext"/>
    <property name="sun.boot.class.path" value="D:\soft\managerSoft\jdk\Java1.8\jre\lib\resources.jar;D:\soft\managerSoft\jdk\Java1.8\jre\lib\rt.jar;D:\soft\managerSoft\jdk\Java1.8\jre\lib\sunrsasign.jar;D:\soft\managerSoft\jdk\Java1.8\jre\lib\jsse.jar;D:\soft\managerSoft\jdk\Java1.8\jre\lib\jce.jar;D:\soft\managerSoft\jdk\Java1.8\jre\lib\charsets.jar;D:\soft\managerSoft\jdk\Java1.8\jre\lib\jfr.jar;D:\soft\managerSoft\jdk\Java1.8\jre\classes"/>
    <property name="java.vendor" value="Oracle Corporation"/>
    <property name="maven.home" value="D:\soft\managerSoft\maven\apache-maven-3.2.2"/>
    <property name="file.separator" value="\"/>
    <property name="java.vendor.url.bug" value="http://bugreport.sun.com/bugreport/"/>
    <property name="sun.cpu.endian" value="little"/>
    <property name="sun.io.unicode.encoding" value="UnicodeLittle"/>
    <property name="sun.desktop" value="windows"/>
    <property name="sun.cpu.isalist" value="amd64"/>
  </properties>
  <testcase name="contextLoads" classname="com.jrj.pay.M2018JsonPayApplicationTests" time="0.066"/>
</testsuite>